
=== Mon Aug 16 13:50:16 2021

Packages were changed.
Update Mode: updateDependencies

The following packages were updated:
  com.unity.ads from version 2.0.8 to 3.7.1
  com.unity.analytics from version 3.3.2 to 3.3.5
  com.unity.ide.rider from version 1.0.8 to 1.2.1
  com.unity.ide.vscode from version 1.0.7 to 1.2.3
  com.unity.purchasing from version 2.0.6 to 3.0.2
  com.unity.textmeshpro from version 2.0.1 to 2.1.4
  com.unity.timeline from version 1.1.0 to 1.2.18
  com.unity.xr.legacyinputhelpers from version 2.0.4 to 2.1.7

=== Fri Sep 24 12:19:50 2021

Packages were changed.
Update Mode: updateDependencies

The following packages were updated:
  com.unity.ads from version 3.7.1 to 3.7.5
  com.unity.collab-proxy from version 1.2.16 to 1.8.0
  com.unity.ide.visualstudio from version 1.0.11 to 2.0.11
  com.unity.purchasing from version 3.0.2 to 3.2.2
